<?xml version="1.0" encoding="UTF-8"?>
<!-- Generated by org.testng.reporters.JUnitReportReporter -->
<testsuite skipped="0" hostname="WAPERTLP23" name="Sample.DemoProject.DemoClass" tests="1" failures="0" timestamp="01 May 2019 08:19:04 GMT" time="0.960" errors="0">
  <testcase name="test" time="0.960" classname="Sample.DemoProject.DemoClass"/>
</testsuite> <!-- Sample.DemoProject.DemoClass -->
